[2020-04-29T15:49:40.324] [INFO] application - 获取到的查询结果为 [ article {
    dataValues:
     { id: 2,
       title: 'JavaScript从入门到放弃',
       author: '淘宝',
       content: '这是一个内容',
       category: 'JS',
       createdAt: 2020-01-20T10:02:12.000Z,
       updatedAt: 2020-01-21T06:59:36.000Z },
    _previousDataValues:
     { id: 2,
       title: 'JavaScript从入门到放弃',
       author: '淘宝',
       content: '这是一个内容',
       category: 'JS',
       createdAt: 2020-01-20T10:02:12.000Z,
       updatedAt: 2020-01-21T06:59:36.000Z },
    _changed: {},
    _modelOptions:
     { timestamps: true,
       validate: {},
       freezeTableName: true,
       underscored: false,
       paranoid: false,
       rejectOnEmpty: false,
       whereCollection: [Object],
       schema: null,
       schemaDelimiter: '',
       defaultScope: {},
       scopes: {},
       indexes: [],
       name: [Object],
       omitNull: false,
       sequelize: [Sequelize],
       hooks: {} },
    _options:
     { isNewRecord: false,
       _schema: null,
       _schemaDelimiter: '',
       raw: true,
       attributes: [Array] },
    isNewRecord: false } ]
[2020-04-29T15:50:44.145] [INFO] application - 获取到的请求参数为 2
[2020-04-29T15:50:44.181] [INFO] application - 获取到的查询结果为 [{"id":2,"title":"JavaScript从入门到放弃","author":"淘宝","content":"这是一个内容","category":"JS","createdAt":"2020-01-20T10:02:12.000Z","updatedAt":"2020-01-21T06:59:36.000Z"}]
[2020-04-29T15:54:21.921] [ERROR] application - server error ReferenceError: xtc is not defined
    at IndexTest (C:\Users\manbu\Desktop\project\test\node\koaDemo\controllers\indexController.js:25:32)
    at dispatch (C:\Users\manbu\Desktop\project\test\node\koaDemo\node_modules\koa-router\node_modules\koa-compose\index.js:44:32)
    at next (C:\Users\manbu\Desktop\project\test\node\koaDemo\node_modules\koa-router\node_modules\koa-compose\index.js:45:18)
    at C:\Users\manbu\Desktop\project\test\node\koaDemo\node_modules\koa-router\lib\router.js:346:16
    at dispatch (C:\Users\manbu\Desktop\project\test\node\koaDemo\node_modules\koa-router\node_modules\koa-compose\index.js:44:32)
    at C:\Users\manbu\Desktop\project\test\node\koaDemo\node_modules\koa-router\node_modules\koa-compose\index.js:36:12
    at dispatch (C:\Users\manbu\Desktop\project\test\node\koaDemo\node_modules\koa-router\lib\router.js:351:31)
    at dispatch (C:\Users\manbu\Desktop\project\test\node\koaDemo\node_modules\koa-compose\index.js:42:32)
    at app.use (C:\Users\manbu\Desktop\project\test\node\koaDemo\app.js:56:9)
    at dispatch (C:\Users\manbu\Desktop\project\test\node\koaDemo\node_modules\koa-compose\index.js:42:32)
    at C:\Users\manbu\Desktop\project\test\node\koaDemo\node_modules\koa-log4\koa-logger.js:86:13
    at dispatch (C:\Users\manbu\Desktop\project\test\node\koaDemo\node_modules\koa-compose\index.js:42:32)
    at cors (C:\Users\manbu\Desktop\project\test\node\koaDemo\node_modules\koa2-cors\dist\index.js:91:15)
    at dispatch (C:\Users\manbu\Desktop\project\test\node\koaDemo\node_modules\koa-compose\index.js:42:32)
    at views (C:\Users\manbu\Desktop\project\test\node\koaDemo\node_modules\koa-views\src\index.js:60:12)
    at dispatch (C:\Users\manbu\Desktop\project\test\node\koaDemo\node_modules\koa-compose\index.js:42:32)
    at serve (C:\Users\manbu\Desktop\project\test\node\koaDemo\node_modules\koa-static\index.js:53:15)
    at dispatch (C:\Users\manbu\Desktop\project\test\node\koaDemo\node_modules\koa-compose\index.js:42:32)
    at filter (C:\Users\manbu\Desktop\project\test\node\koaDemo\node_modules\koa-json\index.js:25:12)
    at dispatch (C:\Users\manbu\Desktop\project\test\node\koaDemo\node_modules\koa-compose\index.js:42:32)
    at bodyParser (C:\Users\manbu\Desktop\project\test\node\koaDemo\node_modules\koa-bodyparser\index.js:86:11)
    at process._tickCallback (internal/process/next_tick.js:68:7) { request:
   { method: 'POST',
     url: '/index/test',
     header:
      { host: '127.0.0.1:3000',
        connection: 'keep-alive',
        'content-length': '36',
        accept: 'application/json, text/javascript, */*; q=0.01',
        origin: 'http://127.0.0.1:5500',
        'user-agent':
         'Mozilla/5.0 (Windows NT 10.0; Win64; x64) AppleWebKit/537.36 (KHTML, like Gecko) Chrome/78.0.3904.108 Safari/537.36',
        'content-type': 'application/json',
        'sec-fetch-site': 'same-site',
        'sec-fetch-mode': 'cors',
        referer: 'http://127.0.0.1:5500/apiTest.html',
        'accept-encoding': 'gzip, deflate, br',
        'accept-language': 'zh-CN,zh;q=0.9' } },
  response:
   { status: 404,
     message: 'Not Found',
     header:
      [Object: null prototype] {
        vary: 'Origin',
        'access-control-allow-origin': '*',
        'access-control-expose-headers': 'WWW-Authenticate,Server-Authorization',
        'set-cookie': [Array] } },
  app: { subdomainOffset: 2, proxy: false, env: 'testing' },
  originalUrl: '/index/test',
  req: '<original node req>',
  res: '<original node res>',
  socket: '<original node socket>' }
[2020-04-29T15:54:37.621] [INFO] application - 获取到的请求参数为 1
[2020-04-29T15:54:37.646] [INFO] application - 获取到的查询结果为 []
[2020-04-29T16:05:43.359] [INFO] application - 获取到的cookies为 Cookies {
  secure: false,
  request:
   IncomingMessage {
     _readableState:
      ReadableState {
        objectMode: false,
        highWaterMark: 16384,
        buffer: BufferList { head: null, tail: null, length: 0 },
        length: 0,
        pipes: null,
        pipesCount: 0,
        flowing: true,
        ended: true,
        endEmitted: true,
        reading: false,
        sync: false,
        needReadable: false,
        emittedReadable: false,
        readableListening: false,
        resumeScheduled: false,
        paused: false,
        emitClose: true,
        autoDestroy: false,
        destroyed: false,
        defaultEncoding: 'utf8',
        awaitDrain: 0,
        readingMore: false,
        decoder: null,
        encoding: null },
     readable: false,
     _events:
      [Object: null prototype] { end: [Function: resetHeadersTimeoutOnReqEnd] },
     _eventsCount: 1,
     _maxListeners: undefined,
     socket:
      Socket {
        connecting: false,
        _hadError: false,
        _handle: [TCP],
        _parent: null,
        _host: null,
        _readableState: [ReadableState],
        readable: true,
        _events: [Object],
        _eventsCount: 8,
        _maxListeners: undefined,
        _writableState: [WritableState],
        writable: true,
        allowHalfOpen: true,
        _sockname: null,
        _pendingData: null,
        _pendingEncoding: '',
        server: [Server],
        _server: [Server],
        timeout: 120000,
        parser: [HTTPParser],
        on: [Function: socketOnWrap],
        _paused: false,
        _httpMessage: [ServerResponse],
        [Symbol(asyncId)]: 83,
        [Symbol(lastWriteQueueSize)]: 0,
        [Symbol(timeout)]:
         Timeout {
           _called: false,
           _idleTimeout: 120000,
           _idlePrev: [TimersList],
           _idleNext: [TimersList],
           _idleStart: 5559,
           _onTimeout: [Function: bound ],
           _timerArgs: undefined,
           _repeat: null,
           _destroyed: false,
           [Symbol(unrefed)]: true,
           [Symbol(asyncId)]: 98,
           [Symbol(triggerId)]: 86 },
        [Symbol(kBytesRead)]: 0,
        [Symbol(kBytesWritten)]: 0 },
     connection:
      Socket {
        connecting: false,
        _hadError: false,
        _handle: [TCP],
        _parent: null,
        _host: null,
        _readableState: [ReadableState],
        readable: true,
        _events: [Object],
        _eventsCount: 8,
        _maxListeners: undefined,
        _writableState: [WritableState],
        writable: true,
        allowHalfOpen: true,
        _sockname: null,
        _pendingData: null,
        _pendingEncoding: '',
        server: [Server],
        _server: [Server],
        timeout: 120000,
        parser: [HTTPParser],
        on: [Function: socketOnWrap],
        _paused: false,
        _httpMessage: [ServerResponse],
        [Symbol(asyncId)]: 83,
        [Symbol(lastWriteQueueSize)]: 0,
        [Symbol(timeout)]:
         Timeout {
           _called: false,
           _idleTimeout: 120000,
           _idlePrev: [TimersList],
           _idleNext: [TimersList],
           _idleStart: 5559,
           _onTimeout: [Function: bound ],
           _timerArgs: undefined,
           _repeat: null,
           _destroyed: false,
           [Symbol(unrefed)]: true,
           [Symbol(asyncId)]: 98,
           [Symbol(triggerId)]: 86 },
        [Symbol(kBytesRead)]: 0,
        [Symbol(kBytesWritten)]: 0 },
     httpVersionMajor: 1,
     httpVersionMinor: 1,
     httpVersion: '1.1',
     complete: true,
     headers:
      { host: '127.0.0.1:3000',
        connection: 'keep-alive',
        'content-length': '37',
        accept: 'application/json, text/javascript, */*; q=0.01',
        origin: 'http://127.0.0.1:5500',
        'user-agent':
         'Mozilla/5.0 (Windows NT 10.0; Win64; x64) AppleWebKit/537.36 (KHTML, like Gecko) Chrome/78.0.3904.108 Safari/537.36',
        'content-type': 'application/json',
        'sec-fetch-site': 'same-site',
        'sec-fetch-mode': 'cors',
        referer: 'http://127.0.0.1:5500/apiTest.html',
        'accept-encoding': 'gzip, deflate, br',
        'accept-language': 'zh-CN,zh;q=0.9' },
     rawHeaders:
      [ 'Host',
        '127.0.0.1:3000',
        'Connection',
        'keep-alive',
        'Content-Length',
        '37',
        'Accept',
        'application/json, text/javascript, */*; q=0.01',
        'Origin',
        'http://127.0.0.1:5500',
        'User-Agent',
        'Mozilla/5.0 (Windows NT 10.0; Win64; x64) AppleWebKit/537.36 (KHTML, like Gecko) Chrome/78.0.3904.108 Safari/537.36',
        'Content-Type',
        'application/json',
        'Sec-Fetch-Site',
        'same-site',
        'Sec-Fetch-Mode',
        'cors',
        'Referer',
        'http://127.0.0.1:5500/apiTest.html',
        'Accept-Encoding',
        'gzip, deflate, br',
        'Accept-Language',
        'zh-CN,zh;q=0.9' ],
     trailers: {},
     rawTrailers: [],
     aborted: false,
     upgrade: false,
     url: '/index/test',
     method: 'POST',
     statusCode: null,
     statusMessage: null,
     client:
      Socket {
        connecting: false,
        _hadError: false,
        _handle: [TCP],
        _parent: null,
        _host: null,
        _readableState: [ReadableState],
        readable: true,
        _events: [Object],
        _eventsCount: 8,
        _maxListeners: undefined,
        _writableState: [WritableState],
        writable: true,
        allowHalfOpen: true,
        _sockname: null,
        _pendingData: null,
        _pendingEncoding: '',
        server: [Server],
        _server: [Server],
        timeout: 120000,
        parser: [HTTPParser],
        on: [Function: socketOnWrap],
        _paused: false,
        _httpMessage: [ServerResponse],
        [Symbol(asyncId)]: 83,
        [Symbol(lastWriteQueueSize)]: 0,
        [Symbol(timeout)]:
         Timeout {
           _called: false,
           _idleTimeout: 120000,
           _idlePrev: [TimersList],
           _idleNext: [TimersList],
           _idleStart: 5559,
           _onTimeout: [Function: bound ],
           _timerArgs: undefined,
           _repeat: null,
           _destroyed: false,
           [Symbol(unrefed)]: true,
           [Symbol(asyncId)]: 98,
           [Symbol(triggerId)]: 86 },
        [Symbol(kBytesRead)]: 0,
        [Symbol(kBytesWritten)]: 0 },
     _consuming: true,
     _dumped: false,
     _parsedUrl:
      Url {
        protocol: null,
        slashes: null,
        auth: null,
        host: null,
        port: null,
        hostname: null,
        hash: null,
        search: null,
        query: null,
        pathname: '/index/test',
        path: '/index/test',
        href: '/index/test',
        _raw: '/index/test' } },
  response:
   ServerResponse {
     _events:
      [Object: null prototype] { finish: [Array], end: [Function: onevent] },
     _eventsCount: 2,
     _maxListeners: undefined,
     output: [],
     outputEncodings: [],
     outputCallbacks: [],
     outputSize: 0,
     writable: true,
     _last: false,
     chunkedEncoding: false,
     shouldKeepAlive: true,
     useChunkedEncodingByDefault: true,
     sendDate: true,
     _removedConnection: false,
     _removedContLen: false,
     _removedTE: false,
     _contentLength: null,
     _hasBody: true,
     _trailer: '',
     finished: false,
     _headerSent: false,
     socket:
      Socket {
        connecting: false,
        _hadError: false,
        _handle: [TCP],
        _parent: null,
        _host: null,
        _readableState: [ReadableState],
        readable: true,
        _events: [Object],
        _eventsCount: 8,
        _maxListeners: undefined,
        _writableState: [WritableState],
        writable: true,
        allowHalfOpen: true,
        _sockname: null,
        _pendingData: null,
        _pendingEncoding: '',
        server: [Server],
        _server: [Server],
        timeout: 120000,
        parser: [HTTPParser],
        on: [Function: socketOnWrap],
        _paused: false,
        _httpMessage: [Circular],
        [Symbol(asyncId)]: 83,
        [Symbol(lastWriteQueueSize)]: 0,
        [Symbol(timeout)]:
         Timeout {
           _called: false,
           _idleTimeout: 120000,
           _idlePrev: [TimersList],
           _idleNext: [TimersList],
           _idleStart: 5559,
           _onTimeout: [Function: bound ],
           _timerArgs: undefined,
           _repeat: null,
           _destroyed: false,
           [Symbol(unrefed)]: true,
           [Symbol(asyncId)]: 98,
           [Symbol(triggerId)]: 86 },
        [Symbol(kBytesRead)]: 0,
        [Symbol(kBytesWritten)]: 0 },
     connection:
      Socket {
        connecting: false,
        _hadError: false,
        _handle: [TCP],
        _parent: null,
        _host: null,
        _readableState: [ReadableState],
        readable: true,
        _events: [Object],
        _eventsCount: 8,
        _maxListeners: undefined,
        _writableState: [WritableState],
        writable: true,
        allowHalfOpen: true,
        _sockname: null,
        _pendingData: null,
        _pendingEncoding: '',
        server: [Server],
        _server: [Server],
        timeout: 120000,
        parser: [HTTPParser],
        on: [Function: socketOnWrap],
        _paused: false,
        _httpMessage: [Circular],
        [Symbol(asyncId)]: 83,
        [Symbol(lastWriteQueueSize)]: 0,
        [Symbol(timeout)]:
         Timeout {
           _called: false,
           _idleTimeout: 120000,
           _idlePrev: [TimersList],
           _idleNext: [TimersList],
           _idleStart: 5559,
           _onTimeout: [Function: bound ],
           _timerArgs: undefined,
           _repeat: null,
           _destroyed: false,
           [Symbol(unrefed)]: true,
           [Symbol(asyncId)]: 98,
           [Symbol(triggerId)]: 86 },
        [Symbol(kBytesRead)]: 0,
        [Symbol(kBytesWritten)]: 0 },
     _header: null,
     _onPendingData: [Function: bound updateOutgoingData],
     _sent100: false,
     _expect_continue: false,
     statusCode: 404,
     __onFinished: { [Function: listener] queue: [Array] },
     [Symbol(isCorked)]: false,
     [Symbol(outHeadersKey)]:
      [Object: null prototype] {
        vary: [Array],
        'access-control-allow-origin': [Array],
        'access-control-expose-headers': [Array],
        'set-cookie': [Array] } },
  keys:
   Keygrip { sign: [Function], verify: [Function], index: [Function] } }
[2020-04-29T16:05:43.375] [INFO] application - 获取到的请求参数为 2
[2020-04-29T16:05:43.402] [INFO] application - 获取到的查询结果为 [{"id":2,"title":"JavaScript从入门到放弃","author":"淘宝","content":"这是一个内容","category":"JS","createdAt":"2020-01-20T10:02:12.000Z","updatedAt":"2020-01-21T06:59:36.000Z"}]
[2020-04-29T16:06:13.504] [INFO] application - 获取到的cookies为 undefined
[2020-04-29T16:06:13.506] [INFO] application - 获取到的请求参数为 
[2020-04-29T16:06:32.286] [INFO] application - 获取到的cookies为 undefined
[2020-04-29T16:06:32.286] [INFO] application - 获取到的请求参数为 
[2020-04-29T16:06:46.946] [INFO] application - 获取到的cookies为 undefined
[2020-04-29T16:06:46.947] [INFO] application - 获取到的请求参数为 
[2020-04-29T16:08:02.726] [INFO] application - 获取到的请求参数为 
[2020-04-29T16:08:35.465] [INFO] application - 获取到的请求参数为 
[2020-04-29T16:09:44.287] [INFO] application - 获取到的请求参数为 
[2020-04-29T16:09:47.334] [INFO] application - 获取到的请求参数为 
[2020-04-29T16:09:51.648] [INFO] application - 获取到的请求参数为 
[2020-04-29T16:10:14.809] [INFO] application - 获取到的请求参数为 
[2020-04-29T16:12:03.542] [INFO] application - 获取到的请求参数为 12
[2020-04-29T16:12:03.558] [INFO] application - 获取到的查询结果为 []
[2020-04-29T16:16:17.541] [INFO] application - 获取到的请求参数为 
[2020-04-29T16:23:06.403] [INFO] application - 获取到的请求参数为 
[2020-04-29T16:35:09.643] [INFO] application - 获取到的请求参数为 
[2020-04-29T16:35:15.448] [INFO] application - 获取到的请求参数为 
[2020-04-29T16:35:24.323] [INFO] application - 获取到的请求参数为 
[2020-04-29T16:35:55.479] [INFO] application - 获取到的请求参数为 
[2020-04-29T16:36:08.661] [INFO] application - 获取到的请求参数为 
[2020-04-29T16:36:29.596] [INFO] application - 获取到的请求参数为 
[2020-04-29T16:36:42.314] [INFO] application - 获取到的请求参数为 
[2020-04-29T16:40:41.240] [INFO] application - 获取到的请求参数为 
[2020-04-29T16:50:33.337] [INFO] application - 获取到的请求参数为 
[2020-04-29T16:52:15.077] [INFO] application - 获取到的请求参数为 
[2020-04-29T16:52:40.048] [INFO] application - 获取到的请求参数为 
[2020-04-29T16:53:13.703] [INFO] application - 获取到的请求参数为 
